18.06.2018 19:44 Вошёл пользователь root
18.06.2018 20:30 Произошла ошибка при запросе http://users.livejournal.com/___lin___/data/rss
18.06.2018 21:48 Произошла ошибка при запросе http://users.livejournal.com/___lin___/data/rss
18.06.2018 22:05 Вошёл пользователь root
19.06.2018 11:38 Произошла ошибка при запросе http://shvarz.livejournal.com/data/rss
19.06.2018 11:41 Вошёл пользователь root
19.06.2018 17:12 Вошёл пользователь root
19.06.2018 22:04 Вошёл пользователь root
19.06.2018 22:22 Произошла ошибка при запросе http://users.livejournal.com/___lin___/data/rss
20.06.2018 09:14 Произошла ошибка при запросе https://www.popmech.ru/out/public-all.xml
20.06.2018 11:34 Произошла ошибка при запросе http://shvarz.livejournal.com/data/rss
20.06.2018 13:02 Вошёл пользователь root
20.06.2018 13:52 Вошёл пользователь denis
20.06.2018 15:11 Произошла ошибка при запросе http://mixstuff.ru/?feed=rss2
20.06.2018 15:12 Произошла ошибка при запросе http://gearmix.ru/feed
20.06.2018 15:15 Произошла ошибка при запросе http://users.livejournal.com/___lin___/data/rss
20.06.2018 16:07 Произошла ошибка при запросе http://gearmix.ru/feed
20.06.2018 16:09 Произошла ошибка при запросе http://mixednews.ru/?feed=rss2
20.06.2018 16:34 Вошёл пользователь root
20.06.2018 16:40 Произошла ошибка при запросе http://mixstuff.ru/?feed=rss2
20.06.2018 16:40 Произошла ошибка при запросе http://mixstuff.ru/?feed=rss2
20.06.2018 16:42 Произошла ошибка при запросе http://mixednews.ru/?feed=rss2
20.06.2018 16:42 Произошла ошибка при запросе http://mixednews.ru/?feed=rss2
20.06.2018 16:44 Произошла ошибка при запросе http://dieselpunk.livejournal.com/data/rss
20.06.2018 16:44 Произошла ошибка при запросе http://mntc.livejournal.com/data/rss
20.06.2018 19:31 Произошла ошибка при запросе http://tarkhil.livejournal.com/data/rss
20.06.2018 19:33 Произошла ошибка при запросе http://mntc.livejournal.com/data/rss
20.06.2018 19:34 Произошла ошибка при запросе http://dieselpunk.livejournal.com/data/rss
20.06.2018 19:52 Вошёл пользователь root
20.06.2018 21:59 Вошёл пользователь root
21.06.2018 07:59 Неудачная попытка входа: используемое имя - root, используемый пароль - 
21.06.2018 07:59 Вошёл пользователь root
21.06.2018 10:42 Произошла ошибка при запросе http://users.livejournal.com/___lin___/data/rss
21.06.2018 10:45 Вошёл пользователь root
21.06.2018 11:21 Произошла ошибка при запросе http://users.livejournal.com/___lin___/data/rss
21.06.2018 11:22 Произошла ошибка при запросе http://shvarz.livejournal.com/data/rss
21.06.2018 12:01 Произошла ошибка при запросе http://users.livejournal.com/___lin___/data/rss
21.06.2018 12:03 Произошла ошибка при запросе http://filonov.org/feed/
21.06.2018 12:23 Вошёл пользователь root
21.06.2018 12:28 Произошла ошибка при запросе http://mntc.livejournal.com/data/rss
21.06.2018 12:29 Произошла ошибка при запросе http://youroker.livejournal.com/data/rss
21.06.2018 13:10 Вошёл пользователь root
21.06.2018 13:32 Произошла ошибка при запросе http://mntc.livejournal.com/data/rss
21.06.2018 14:12 Вошёл пользователь root
21.06.2018 14:35 Произошла ошибка при запросе http://users.livejournal.com/___lin___/data/rss
21.06.2018 14:36 Произошла ошибка при запросе http://youroker.livejournal.com/data/rss
21.06.2018 14:37 Произошла ошибка при запросе http://mi3ch.livejournal.com/data/rss
21.06.2018 14:38 Произошла ошибка при запросе http://filonov.org/feed/
21.06.2018 15:15 Вошёл пользователь root
21.06.2018 15:17 Произошла ошибка при запросе http://users.livejournal.com/___lin___/data/rss
21.06.2018 16:35 Вошёл пользователь root
21.06.2018 16:38 Произошла ошибка при запросе http://mixstuff.ru/?feed=rss2
21.06.2018 16:38 Произошла ошибка при запросе http://gearmix.ru/feed
21.06.2018 16:38 Произошла ошибка при запросе http://mixednews.ru/?feed=rss2
21.06.2018 16:38 Произошла ошибка при запросе http://users.livejournal.com/___lin___/data/rss
21.06.2018 16:38 Произошла ошибка при запросе http://shvarz.livejournal.com/data/rss
21.06.2018 16:38 Произошла ошибка при запросе https://imbg.livejournal.com/data/rss
21.06.2018 16:38 Произошла ошибка при запросе http://tarkhil.livejournal.com/data/rss
21.06.2018 16:38 Произошла ошибка при запросе https://engineering-ru.livejournal.com/data/rss
21.06.2018 16:38 Произошла ошибка при запросе http://mntc.livejournal.com/data/rss
21.06.2018 16:38 Произошла ошибка при запросе http://dieselpunk.livejournal.com/data/rss
21.06.2018 16:38 Произошла ошибка при запросе http://youroker.livejournal.com/data/rss
21.06.2018 16:38 Произошла ошибка при запросе https://mineralog.livejournal.com/data/rss
21.06.2018 16:38 Произошла ошибка при запросе https://victorborisov.livejournal.com/data/rss
21.06.2018 16:38 Произошла ошибка при запросе http://ekaykin.livejournal.com/data/rss
21.06.2018 16:38 Произошла ошибка при запросе http://mi3ch.livejournal.com/data/rss
21.06.2018 16:38 Произошла ошибка при запросе https://www.popmech.ru/out/public-all.xml
21.06.2018 16:38 Произошла ошибка при запросе https://eax.me/feed
21.06.2018 16:38 Произошла ошибка при запросе http://filonov.org/feed/
21.06.2018 16:38 Произошла ошибка при запросе http://develstudio.ru/rss/
21.06.2018 16:38 Произошла ошибка при запросе http://ekimoff.ru/feed
21.06.2018 16:38 Произошла ошибка при запросе https://jenyay.net/blog/feed/
21.06.2018 16:38 Произошла ошибка при запросе http://desyatbukv.blogspot.com/feeds/posts/default?alt=rss
21.06.2018 16:38 Произошла ошибка при запросе http://mydebianblog.blogspot.com/feeds/posts/default?alt=rss
21.06.2018 16:38 Произошла ошибка при запросе http://generatorzadach.blogspot.com/feeds/posts/default?alt=rss
21.06.2018 16:38 Произошла ошибка при запросе https://www.dailytechinfo.org/engine/rss.php
21.06.2018 16:38 Произошла ошибка при запросе http://www.flenov.info/site/rss
21.06.2018 16:38 Произошла ошибка при запросе https://www.pravmir.ru/feed/
21.06.2018 16:38 Произошла ошибка при запросе http://blogs.pravkamchatka.ru/polus/?feed=rss2
21.06.2018 16:38 Произошла ошибка при запросе http://robocraft.ru/rss/
21.06.2018 16:38 Произошла ошибка при запросе http://skbbank.ru/press/events/rss
21.06.2018 17:07 Произошла ошибка при запросе http://www.flenov.info/site/rss
21.06.2018 18:00 Произошла ошибка при запросе http://users.livejournal.com/___lin___/data/rss
21.06.2018 18:02 Произошла ошибка при запросе http://mntc.livejournal.com/data/rss
21.06.2018 18:04 Произошла ошибка при запросе http://www.flenov.info/site/rss
21.06.2018 18:05 Вошёл пользователь root
21.06.2018 18:58 Произошла ошибка при запросе http://www.flenov.info/site/rss
21.06.2018 19:34 Произошла ошибка при запросе http://www.flenov.info/site/rss
21.06.2018 19:44 Произошла ошибка при запросе http://www.flenov.info/site/rss
21.06.2018 19:54 Произошла ошибка при запросе http://users.livejournal.com/___lin___/data/rss
21.06.2018 19:56 Произошла ошибка при запросе http://www.flenov.info/site/rss
21.06.2018 20:08 Произошла ошибка при запросе http://www.flenov.info/site/rss
21.06.2018 20:15 Произошла ошибка при запросе http://mi3ch.livejournal.com/data/rss
21.06.2018 21:38 Произошла ошибка при запросе http://svyatoslav.livejournal.com/data/rss
21.06.2018 21:43 Вошёл пользователь root
22.06.2018 11:36 Неудачная попытка входа: используемое имя - root, используемый пароль - 
22.06.2018 11:36 Вошёл пользователь root
22.06.2018 12:45 Вошёл пользователь root
22.06.2018 12:48 Произошла ошибка при запросе http://desyatbukv.blogspot.com/feeds/posts/default?alt=rss
22.06.2018 15:31 Вошёл пользователь root
22.06.2018 16:39 Произошла ошибка при запросе http://mi3ch.livejournal.com/data/rss
22.06.2018 17:17 Вошёл пользователь root
22.06.2018 21:50 Произошла ошибка при запросе https://www.popmech.ru/out/public-all.xml
22.06.2018 22:03 Вошёл пользователь root
23.06.2018 08:51 Произошла ошибка при запросе http://shvarz.livejournal.com/data/rss
23.06.2018 08:53 Произошла ошибка при запросе http://dieselpunk.livejournal.com/data/rss
23.06.2018 08:55 Неудачная попытка входа: используемое имя - root, используемый пароль - 
23.06.2018 08:55 Вошёл пользователь root
23.06.2018 14:40 Вошёл пользователь root
23.06.2018 17:34 Произошла ошибка при запросе http://generatorzadach.blogspot.com/feeds/posts/default?alt=rss
23.06.2018 17:51 Вошёл пользователь root
23.06.2018 17:59 Произошла ошибка при запросе https://biomolecula.ru/public.atom
23.06.2018 18:00 Произошла ошибка при запросе http://svyatoslav.livejournal.com/data/rss
23.06.2018 19:09 Вошёл пользователь root
23.06.2018 20:03 Произошла ошибка при запросе http://lexanick.livejournal.com/data/rss
24.06.2018 11:14 Произошла ошибка при запросе http://ekaykin.livejournal.com/data/rss
24.06.2018 11:19 Произошла ошибка при запросе http://algegeo.blogspot.com/feeds/posts/default?alt=rss
24.06.2018 11:22 Произошла ошибка при запросе https://biomolecula.ru/public.atom
24.06.2018 11:25 Вошёл пользователь root
24.06.2018 14:49 Произошла ошибка при запросе http://dieselpunk.livejournal.com/data/rss
24.06.2018 14:50 Произошла ошибка при запросе http://youroker.livejournal.com/data/rss
24.06.2018 14:52 Произошла ошибка при запросе http://desyatbukv.blogspot.com/feeds/posts/default?alt=rss
24.06.2018 14:53 Вошёл пользователь root
24.06.2018 18:44 Произошла ошибка при запросе http://users.livejournal.com/___lin___/data/rss
24.06.2018 18:45 Произошла ошибка при запросе http://shvarz.livejournal.com/data/rss
24.06.2018 18:47 Произошла ошибка при запросе http://desyatbukv.blogspot.com/feeds/posts/default?alt=rss
24.06.2018 20:16 Произошла ошибка при запросе http://desyatbukv.blogspot.com/feeds/posts/default?alt=rss
24.06.2018 20:17 Произошла ошибка при запросе http://mydebianblog.blogspot.com/feeds/posts/default?alt=rss
24.06.2018 21:14 Вошёл пользователь root
25.06.2018 08:01 Произошла ошибка при запросе http://dieselpunk.livejournal.com/data/rss
25.06.2018 09:13 Вошёл пользователь root
25.06.2018 10:48 Вошёл пользователь root
25.06.2018 14:07 Произошла ошибка при запросе http://ekaykin.livejournal.com/data/rss
25.06.2018 14:10 Произошла ошибка при запросе https://biomolecula.ru/public.atom
25.06.2018 14:13 Вошёл пользователь root
25.06.2018 18:01 Произошла ошибка при запросе http://users.livejournal.com/___lin___/data/rss
25.06.2018 18:02 Произошла ошибка при запросе http://shvarz.livejournal.com/data/rss
25.06.2018 18:03 Произошла ошибка при запросе http://tarkhil.livejournal.com/data/rss
25.06.2018 18:04 Произошла ошибка при запросе http://mntc.livejournal.com/data/rss
25.06.2018 18:06 Произошла ошибка при запросе http://ekaykin.livejournal.com/data/rss
25.06.2018 19:32 Вошёл пользователь root
25.06.2018 19:58 Вошёл пользователь root
26.06.2018 06:24 Произошла ошибка при запросе http://mi3ch.livejournal.com/data/rss
26.06.2018 06:25 Произошла ошибка при запросе http://aafin.livejournal.com/data/rss
26.06.2018 06:26 Произошла ошибка при запросе http://stdray.livejournal.com/data/rss
26.06.2018 06:32 Вошёл пользователь root
26.06.2018 13:48 Произошла ошибка при запросе http://tverdyi-znak.livejournal.com/data/rss
26.06.2018 13:49 Произошла ошибка при запросе http://prof-moriarty.livejournal.com/data/rss
26.06.2018 14:03 Вошёл пользователь root
26.06.2018 17:56 Вошёл пользователь root
26.06.2018 21:10 Произошла ошибка при запросе https://engineering-ru.livejournal.com/data/rss
26.06.2018 21:13 Произошла ошибка при запросе http://ekaykin.livejournal.com/data/rss
26.06.2018 21:14 Произошла ошибка при запросе http://lexanick.livejournal.com/data/rss
26.06.2018 21:15 Произошла ошибка при запросе http://tverdyi-znak.livejournal.com/data/rss
26.06.2018 21:18 Произошла ошибка при запросе https://biomolecula.ru/public.atom
26.06.2018 21:19 Произошла ошибка при запросе http://blogs.pravkamchatka.ru/polus/?feed=rss2
26.06.2018 21:20 Произошла ошибка при запросе http://svyatoslav.livejournal.com/data/rss
26.06.2018 21:25 Вошёл пользователь root
27.06.2018 10:10 Произошла ошибка при запросе https://biomolecula.ru/public.atom
27.06.2018 10:12 Произошла ошибка при запросе http://robocraft.ru/rss/
27.06.2018 11:34 Вошёл пользователь root
27.06.2018 13:10 Произошла ошибка при запросе http://ekaykin.livejournal.com/data/rss
27.06.2018 13:10 Произошла ошибка при запросе http://mi3ch.livejournal.com/data/rss
27.06.2018 13:10 Произошла ошибка при запросе http://aafin.livejournal.com/data/rss
27.06.2018 13:10 Произошла ошибка при запросе http://stdray.livejournal.com/data/rss
27.06.2018 13:10 Произошла ошибка при запросе http://lexanick.livejournal.com/data/rss
27.06.2018 13:10 Произошла ошибка при запросе http://tverdyi-znak.livejournal.com/data/rss
27.06.2018 13:10 Произошла ошибка при запросе http://nikolaevec.livejournal.com/data/rss
27.06.2018 13:10 Произошла ошибка при запросе http://prof-moriarty.livejournal.com/data/rss
27.06.2018 17:06 Произошла ошибка при запросе http://users.livejournal.com/___lin___/data/rss
27.06.2018 17:08 Произошла ошибка при запросе http://desyatbukv.blogspot.com/feeds/posts/default?alt=rss
27.06.2018 18:14 Вошёл пользователь root
27.06.2018 20:44 Произошла ошибка при запросе http://discrmath.blogspot.com/feeds/posts/default?alt=rss
27.06.2018 20:46 Произошла ошибка при запросе https://biomolecula.ru/public.atom
27.06.2018 20:48 Произошла ошибка при запросе http://svyatoslav.livejournal.com/data/rss
28.06.2018 12:26 Вошёл пользователь denis
28.06.2018 13:46 Вошёл пользователь root
28.06.2018 14:49 Произошла ошибка при запросе http://mydebianblog.blogspot.com/feeds/posts/default?alt=rss
28.06.2018 15:54 Вошёл пользователь denis
28.06.2018 19:20 Произошла ошибка при запросе http://dieselpunk.livejournal.com/data/rss
28.06.2018 19:25 Неудачная попытка входа: используемое имя - python, используемый пароль - ytqhjctnb
28.06.2018 19:25 Вошёл пользователь denis
29.06.2018 13:54 Вошёл пользователь denis
29.06.2018 16:39 Произошла ошибка при запросе http://ekaykin.livejournal.com/data/rss
29.06.2018 16:44 Произошла ошибка при запросе https://biomolecula.ru/public.atom
29.06.2018 20:30 Произошла ошибка при запросе http://mntc.livejournal.com/data/rss
29.06.2018 20:33 Произошла ошибка при запросе https://www.popmech.ru/out/public-all.xml
29.06.2018 20:34 Произошла ошибка при запросе https://biomolecula.ru/public.atom
29.06.2018 20:37 Вошёл пользователь denis
30.06.2018 07:39 Произошла ошибка при запросе http://filonov.org/feed/
30.06.2018 08:13 Вошёл пользователь denis
30.06.2018 11:53 Произошла ошибка при запросе http://filonov.org/feed/
30.06.2018 11:54 Произошла ошибка при запросе https://biomolecula.ru/public.atom
30.06.2018 11:59 Вошёл пользователь root
01.07.2018 10:58 Произошла ошибка при запросе http://tarkhil.livejournal.com/data/rss
01.07.2018 12:20 Вошёл пользователь denis
01.07.2018 16:32 Вошёл пользователь denis
01.07.2018 19:03 Произошла ошибка при запросе http://desyatbukv.blogspot.com/feeds/posts/default?alt=rss
01.07.2018 19:05 Произошла ошибка при запросе http://svyatoslav.livejournal.com/data/rss
01.07.2018 19:18 Вошёл пользователь denis
02.07.2018 12:25 Произошла ошибка при запросе http://mntc.livejournal.com/data/rss
02.07.2018 12:26 Произошла ошибка при запросе http://youroker.livejournal.com/data/rss
02.07.2018 12:32 Вошёл пользователь denis
02.07.2018 17:24 Произошла ошибка при запросе http://mydebianblog.blogspot.com/feeds/posts/default?alt=rss
02.07.2018 17:54 Вошёл пользователь denis
03.07.2018 11:48 Произошла ошибка при запросе http://ekaykin.livejournal.com/data/rss
03.07.2018 12:03 Вошёл пользователь denis
03.07.2018 19:40 Произошла ошибка при запросе http://tarkhil.livejournal.com/data/rss
03.07.2018 19:43 Произошла ошибка при запросе http://prof-moriarty.livejournal.com/data/rss
03.07.2018 20:03 Вошёл пользователь denis
04.07.2018 11:33 Произошла ошибка при запросе http://svyatoslav.livejournal.com/data/rss
04.07.2018 12:19 Вошёл пользователь denis
04.07.2018 17:39 Произошла ошибка при запросе http://filonov.org/feed/
04.07.2018 20:18 Произошла ошибка при запросе http://filonov.org/feed/
04.07.2018 20:19 Произошла ошибка при запросе http://svyatoslav.livejournal.com/data/rss
05.07.2018 15:27 Произошла ошибка при запросе http://nikolaevec.livejournal.com/data/rss
05.07.2018 15:29 Произошла ошибка при запросе http://svyatoslav.livejournal.com/data/rss
05.07.2018 17:58 Произошла ошибка при запросе http://shvarz.livejournal.com/data/rss
05.07.2018 18:01 Произошла ошибка при запросе http://ekaykin.livejournal.com/data/rss
05.07.2018 18:02 Произошла ошибка при запросе http://mi3ch.livejournal.com/data/rss
05.07.2018 18:03 Произошла ошибка при запросе http://aafin.livejournal.com/data/rss
05.07.2018 18:03 Произошла ошибка при запросе http://stdray.livejournal.com/data/rss
05.07.2018 18:03 Произошла ошибка при запросе http://lexanick.livejournal.com/data/rss
05.07.2018 18:03 Произошла ошибка при запросе http://tverdyi-znak.livejournal.com/data/rss
05.07.2018 18:03 Произошла ошибка при запросе http://nikolaevec.livejournal.com/data/rss
05.07.2018 18:03 Произошла ошибка при запросе http://prof-moriarty.livejournal.com/data/rss
05.07.2018 18:03 Произошла ошибка при запросе https://papasha-mueller.livejournal.com/data/rss
05.07.2018 18:03 Произошла ошибка при запросе https://fritzmorgen.livejournal.com/data/rss
05.07.2018 18:03 Произошла ошибка при запросе https://genby.livejournal.com/data/rss
05.07.2018 18:03 Произошла ошибка при запросе https://www.popmech.ru/out/public-all.xml
05.07.2018 18:03 Произошла ошибка при запросе https://eax.me/feed
05.07.2018 18:03 Произошла ошибка при запросе http://filonov.org/feed/
05.07.2018 18:03 Произошла ошибка при запросе http://develstudio.ru/rss/
05.07.2018 18:03 Произошла ошибка при запросе http://ekimoff.ru/feed
05.07.2018 18:03 Произошла ошибка при запросе https://jenyay.net/blog/feed/
05.07.2018 18:03 Произошла ошибка при запросе http://desyatbukv.blogspot.com/feeds/posts/default?alt=rss
05.07.2018 18:03 Произошла ошибка при запросе http://mydebianblog.blogspot.com/feeds/posts/default?alt=rss
05.07.2018 18:03 Произошла ошибка при запросе http://generatorzadach.blogspot.com/feeds/posts/default?alt=rss
05.07.2018 18:03 Произошла ошибка при запросе http://algegeo.blogspot.com/feeds/posts/default?alt=rss
05.07.2018 18:03 Произошла ошибка при запросе http://discrmath.blogspot.com/feeds/posts/default?alt=rss
05.07.2018 18:03 Произошла ошибка при запросе http://liberatum.ru/rss.xml
05.07.2018 18:03 Произошла ошибка при запросе https://www.dailytechinfo.org/engine/rss.php
05.07.2018 18:03 Произошла ошибка при запросе http://www.gazeta.ru/export/rss/science_more.xml
05.07.2018 18:03 Произошла ошибка при запросе http://www.gazeta.ru/export/rss/science.xml
05.07.2018 18:03 Произошла ошибка при запросе http://www.gazeta.ru/export/rss/army.xml
05.07.2018 18:03 Произошла ошибка при запросе https://www.nkj.ru/rss/
05.07.2018 18:03 Произошла ошибка при запросе http://elementy.ru/rss/news
05.07.2018 18:03 Произошла ошибка при запросе http://elementy.ru/rss/pub
05.07.2018 18:03 Произошла ошибка при запросе http://elementy.ru/rss/email
05.07.2018 18:03 Произошла ошибка при запросе https://www.pravmir.ru/feed/
05.07.2018 18:03 Произошла ошибка при запросе http://blogs.pravkamchatka.ru/polus/?feed=rss2
05.07.2018 18:03 Произошла ошибка при запросе http://svyatoslav.livejournal.com/data/rss
05.07.2018 18:03 Произошла ошибка при запросе https://ycnokoutellb.livejournal.com/data/rss
05.07.2018 18:03 Произошла ошибка при запросе http://robocraft.ru/rss/
05.07.2018 18:03 Произошла ошибка при запросе http://skbbank.ru/press/events/rss
05.07.2018 18:03 Произошла ошибка при запросе http://muzey-factov.ru/rss
05.07.2018 18:03 Произошла ошибка при запросе http://www.mathnet.ru/rss/rssRecentIssues.phtml?option_lang=rus
05.07.2018 18:03 Произошла ошибка при запросе https://vmma.ru/feed/
05.07.2018 19:25 Вошёл пользователь denis
06.07.2018 12:52 Вошёл пользователь root
06.07.2018 13:56 Вошёл пользователь denis
06.07.2018 15:00 Вошёл пользователь denis
06.07.2018 19:54 Произошла ошибка при запросе http://youroker.livejournal.com/data/rss
06.07.2018 20:12 Неудачная попытка входа: используемое имя - denis, используемый пароль - sepeotv
06.07.2018 20:12 Вошёл пользователь denis
07.07.2018 09:05 Произошла ошибка при запросе http://nikolaevec.livejournal.com/data/rss
07.07.2018 09:07 Произошла ошибка при запросе http://svyatoslav.livejournal.com/data/rss
07.07.2018 09:08 Вошёл пользователь denis
07.07.2018 12:35 Вошёл пользователь denis
07.07.2018 15:52 Произошла ошибка при запросе http://filonov.org/feed/
07.07.2018 16:21 Произошла ошибка при запросе http://stdray.livejournal.com/data/rss
07.07.2018 18:53 Произошла ошибка при запросе http://filonov.org/feed/
07.07.2018 19:09 Вошёл пользователь denis
08.07.2018 11:20 Произошла ошибка при запросе http://users.livejournal.com/___lin___/data/rss
08.07.2018 11:21 Произошла ошибка при запросе http://shvarz.livejournal.com/data/rss
08.07.2018 11:22 Произошла ошибка при запросе http://tarkhil.livejournal.com/data/rss
08.07.2018 11:24 Произошла ошибка при запросе http://desyatbukv.blogspot.com/feeds/posts/default?alt=rss
08.07.2018 11:25 Произошла ошибка при запросе http://svyatoslav.livejournal.com/data/rss
08.07.2018 13:12 Произошла ошибка при запросе http://desyatbukv.blogspot.com/feeds/posts/default?alt=rss
08.07.2018 13:13 Произошла ошибка при запросе http://mydebianblog.blogspot.com/feeds/posts/default?alt=rss
08.07.2018 13:42 Неудачная попытка входа: используемое имя - denis, используемый пароль - septov
08.07.2018 13:42 Вошёл пользователь denis
08.07.2018 18:23 Произошла ошибка при запросе http://mntc.livejournal.com/data/rss
08.07.2018 18:25 Произошла ошибка при запросе http://generatorzadach.blogspot.com/feeds/posts/default?alt=rss
08.07.2018 18:26 Произошла ошибка при запросе http://algegeo.blogspot.com/feeds/posts/default?alt=rss
08.07.2018 18:27 Произошла ошибка при запросе http://svyatoslav.livejournal.com/data/rss
08.07.2018 18:29 Вошёл пользователь denis
08.07.2018 18:29 Вошёл пользователь root
08.07.2018 18:32 Произошла ошибка при запросе http://desyatbukv.blogspot.com/feeds/posts/default?alt=rss
08.07.2018 18:33 Произошла ошибка при запросе http://mydebianblog.blogspot.com/feeds/posts/default?alt=rss
08.07.2018 18:35 Вошёл пользователь denis
08.07.2018 21:13 Произошла ошибка при запросе http://ekaykin.livejournal.com/data/rss
08.07.2018 21:15 Произошла ошибка при запросе http://nikolaevec.livejournal.com/data/rss
08.07.2018 21:16 Произошла ошибка при запросе http://desyatbukv.blogspot.com/feeds/posts/default?alt=rss
08.07.2018 21:18 Произошла ошибка при запросе http://svyatoslav.livejournal.com/data/rss
08.07.2018 21:19 Вошёл пользователь denis
09.07.2018 18:36 Произошла ошибка при запросе http://generatorzadach.blogspot.com/feeds/posts/default?alt=rss
09.07.2018 18:41 Вошёл пользователь denis
10.07.2018 21:17 Произошла ошибка при запросе http://svyatoslav.livejournal.com/data/rss
11.07.2018 17:39 Произошла ошибка при запросе http://mi3ch.livejournal.com/data/rss
11.07.2018 17:40 Произошла ошибка при запросе http://desyatbukv.blogspot.com/feeds/posts/default?alt=rss
11.07.2018 18:41 Вошёл пользователь denis
12.07.2018 18:22 Произошла ошибка при запросе https://www.popmech.ru/out/public-all.xml
12.07.2018 18:23 Произошла ошибка при запросе http://algegeo.blogspot.com/feeds/posts/default?alt=rss
12.07.2018 18:26 Произошла ошибка при запросе https://vmma.ru/feed/
12.07.2018 21:07 Вошёл пользователь denis
13.07.2018 19:10 Произошла ошибка при запросе http://mntc.livejournal.com/data/rss
13.07.2018 19:10 Произошла ошибка при запросе http://dieselpunk.livejournal.com/data/rss
13.07.2018 19:10 Произошла ошибка при запросе http://youroker.livejournal.com/data/rss
14.07.2018 09:52 Вошёл пользователь denis
14.07.2018 11:30 Произошла ошибка при запросе http://users.livejournal.com/___lin___/data/rss
14.07.2018 11:30 Произошла ошибка при запросе http://shvarz.livejournal.com/data/rss
14.07.2018 11:30 Произошла ошибка при запросе http://tarkhil.livejournal.com/data/rss
14.07.2018 11:30 Произошла ошибка при запросе http://mntc.livejournal.com/data/rss
14.07.2018 11:30 Произошла ошибка при запросе http://dieselpunk.livejournal.com/data/rss
14.07.2018 11:30 Произошла ошибка при запросе http://youroker.livejournal.com/data/rss
14.07.2018 11:30 Произошла ошибка при запросе http://ekaykin.livejournal.com/data/rss
14.07.2018 11:30 Произошла ошибка при запросе http://mi3ch.livejournal.com/data/rss
14.07.2018 11:30 Произошла ошибка при запросе http://aafin.livejournal.com/data/rss
14.07.2018 11:32 Произошла ошибка при запросе http://svyatoslav.livejournal.com/data/rss
14.07.2018 11:51 Произошла ошибка при запросе http://filonov.org/feed/
14.07.2018 11:52 Произошла ошибка при запросе http://svyatoslav.livejournal.com/data/rss
14.07.2018 12:12 Вошёл пользователь denis
14.07.2018 12:15 Произошла ошибка при запросе http://svyatoslav.livejournal.com/data/rss
14.07.2018 18:36 Неудачная попытка входа: используемое имя - denis, используемый пароль - 
14.07.2018 18:36 Вошёл пользователь denis
15.07.2018 08:03 Произошла ошибка при запросе http://dieselpunk.livejournal.com/data/rss
15.07.2018 08:04 Произошла ошибка при запросе http://ekaykin.livejournal.com/data/rss
15.07.2018 08:06 Произошла ошибка при запросе http://filonov.org/feed/
15.07.2018 08:07 Произошла ошибка при запросе http://svyatoslav.livejournal.com/data/rss
15.07.2018 08:10 Вошёл пользователь denis
15.07.2018 19:53 Произошла ошибка при запросе http://filonov.org/feed/
15.07.2018 19:55 Произошла ошибка при запросе http://svyatoslav.livejournal.com/data/rss
15.07.2018 21:54 Вошёл пользователь denis
16.07.2018 20:24 Произошла ошибка при запросе http://filonov.org/feed/
16.07.2018 20:26 Вошёл пользователь denis
18.07.2018 20:26 Произошла ошибка при запросе http://users.livejournal.com/___lin___/data/rss
18.07.2018 20:27 Произошла ошибка при запросе http://shvarz.livejournal.com/data/rss
18.07.2018 20:28 Произошла ошибка при запросе http://tarkhil.livejournal.com/data/rss
18.07.2018 20:29 Произошла ошибка при запросе http://mntc.livejournal.com/data/rss
18.07.2018 20:31 Произошла ошибка при запросе http://dieselpunk.livejournal.com/data/rss
18.07.2018 20:32 Произошла ошибка при запросе http://youroker.livejournal.com/data/rss
18.07.2018 20:33 Произошла ошибка при запросе http://ekaykin.livejournal.com/data/rss
18.07.2018 20:34 Произошла ошибка при запросе http://mi3ch.livejournal.com/data/rss
18.07.2018 20:35 Произошла ошибка при запросе http://aafin.livejournal.com/data/rss
18.07.2018 20:36 Произошла ошибка при запросе http://stdray.livejournal.com/data/rss
18.07.2018 20:37 Произошла ошибка при запросе http://lexanick.livejournal.com/data/rss
18.07.2018 20:40 Произошла ошибка при запросе http://tverdyi-znak.livejournal.com/data/rss
18.07.2018 20:41 Произошла ошибка при запросе http://nikolaevec.livejournal.com/data/rss
18.07.2018 20:43 Произошла ошибка при запросе http://prof-moriarty.livejournal.com/data/rss
18.07.2018 20:44 Произошла ошибка при запросе http://desyatbukv.blogspot.com/feeds/posts/default?alt=rss
18.07.2018 20:45 Произошла ошибка при запросе http://mydebianblog.blogspot.com/feeds/posts/default?alt=rss
18.07.2018 20:46 Произошла ошибка при запросе http://generatorzadach.blogspot.com/feeds/posts/default?alt=rss
18.07.2018 20:47 Произошла ошибка при запросе http://algegeo.blogspot.com/feeds/posts/default?alt=rss
18.07.2018 20:48 Произошла ошибка при запросе http://discrmath.blogspot.com/feeds/posts/default?alt=rss
18.07.2018 20:50 Произошла ошибка при запросе http://svyatoslav.livejournal.com/data/rss
19.07.2018 19:39 Вошёл пользователь denis
20.07.2018 19:59 Произошла ошибка при запросе http://users.livejournal.com/___lin___/data/rss
20.07.2018 20:01 Произошла ошибка при запросе http://prof-moriarty.livejournal.com/data/rss
20.07.2018 20:02 Произошла ошибка при запросе http://mydebianblog.blogspot.com/feeds/posts/default?alt=rss
20.07.2018 20:03 Произошла ошибка при запросе http://algegeo.blogspot.com/feeds/posts/default?alt=rss
20.07.2018 20:26 Вошёл пользователь denis
21.07.2018 15:31 Вошёл пользователь denis
21.07.2018 21:53 Произошла ошибка при запросе http://svyatoslav.livejournal.com/data/rss
22.07.2018 19:48 Вошёл пользователь denis
22.07.2018 20:00 Вошёл пользователь denis
22.07.2018 20:00 Вошёл пользователь denis
22.07.2018 20:02 Вошёл пользователь denis
22.07.2018 20:47 Произошла ошибка при запросе http://prof-moriarty.livejournal.com/data/rss
22.07.2018 20:57 Вошёл пользователь denis
22.07.2018 21:39 Вошёл пользователь denis
22.07.2018 21:40 Вошёл пользователь denis
24.07.2018 18:47 Вошёл пользователь denis
25.07.2018 19:32 Произошла ошибка при запросе http://youroker.livejournal.com/data/rss
25.07.2018 19:35 Произошла ошибка при запросе http://svyatoslav.livejournal.com/data/rss
26.07.2018 19:59 Произошла ошибка при запросе http://algegeo.blogspot.com/feeds/posts/default?alt=rss
26.07.2018 20:37 Вошёл пользователь denis
28.07.2018 14:00 Произошла ошибка при запросе http://users.livejournal.com/___lin___/data/rss
28.07.2018 14:00 Произошла ошибка при запросе http://shvarz.livejournal.com/data/rss
28.07.2018 14:00 Произошла ошибка при запросе http://tarkhil.livejournal.com/data/rss
28.07.2018 14:01 Произошла ошибка при запросе http://mntc.livejournal.com/data/rss
28.07.2018 14:03 Произошла ошибка при запросе http://mydebianblog.blogspot.com/feeds/posts/default?alt=rss
28.07.2018 14:04 Произошла ошибка при запросе http://generatorzadach.blogspot.com/feeds/posts/default?alt=rss
28.07.2018 14:06 Вошёл пользователь denis
28.07.2018 14:55 Вошёл пользователь denis
28.07.2018 15:45 Вошёл пользователь denis
28.07.2018 18:53 Вошёл пользователь denis
28.07.2018 19:55 Вошёл пользователь denis
29.07.2018 18:31 Произошла ошибка при запросе http://ekaykin.livejournal.com/data/rss
29.07.2018 18:37 Вошёл пользователь denis
29.07.2018 19:10 Вошёл пользователь denis
29.07.2018 20:04 Вошёл пользователь denis
29.07.2018 20:54 Вошёл пользователь denis
30.07.2018 19:03 Вошёл пользователь denis
30.07.2018 20:32 Неудачная попытка входа: используемое имя - denis, используемый пароль - swpetov
30.07.2018 20:32 Вошёл пользователь denis
31.07.2018 18:07 Произошла ошибка при запросе http://lexanick.livejournal.com/data/rss
31.07.2018 18:33 Вошёл пользователь denis
01.08.2018 20:19 Произошла ошибка при запросе http://nikolaevec.livejournal.com/data/rss
01.08.2018 20:21 Произошла ошибка при запросе http://filonov.org/feed/
01.08.2018 20:21 Произошла ошибка при запросе http://generatorzadach.blogspot.com/feeds/posts/default?alt=rss
01.08.2018 20:21 Произошла ошибка при запросе http://algegeo.blogspot.com/feeds/posts/default?alt=rss
01.08.2018 20:21 Произошла ошибка при запросе http://discrmath.blogspot.com/feeds/posts/default?alt=rss
02.08.2018 18:07 Произошла ошибка при запросе http://generatorzadach.blogspot.com/feeds/posts/default?alt=rss
02.08.2018 21:10 Произошла ошибка при запросе http://users.livejournal.com/___lin___/data/rss
02.08.2018 21:11 Произошла ошибка при запросе http://shvarz.livejournal.com/data/rss
04.08.2018 14:53 Произошла ошибка при запросе http://svyatoslav.livejournal.com/data/rss
05.08.2018 09:16 Вошёл пользователь denis
05.08.2018 13:16 Произошла ошибка при запросе http://prof-moriarty.livejournal.com/data/rss
05.08.2018 18:24 Произошла ошибка при запросе http://svyatoslav.livejournal.com/data/rss
05.08.2018 20:06 Вошёл пользователь denis
06.08.2018 17:47 Произошла ошибка при запросе http://svyatoslav.livejournal.com/data/rss
07.08.2018 19:20 Произошла ошибка при запросе http://lexanick.livejournal.com/data/rss
07.08.2018 19:21 Произошла ошибка при запросе http://tverdyi-znak.livejournal.com/data/rss
10.08.2018 21:19 Произошла ошибка при запросе http://svyatoslav.livejournal.com/data/rss
11.08.2018 11:17 Произошла ошибка при запросе http://svyatoslav.livejournal.com/data/rss
11.08.2018 21:32 Вошёл пользователь denis
12.08.2018 21:27 Вошёл пользователь denis
13.08.2018 07:42 Произошла ошибка при запросе http://prof-moriarty.livejournal.com/data/rss
13.08.2018 17:14 Вошёл пользователь denis
14.08.2018 11:26 Произошла ошибка при запросе http://svyatoslav.livejournal.com/data/rss
14.08.2018 21:40 Произошла ошибка при запросе http://filonov.org/feed/
15.08.2018 08:36 Произошла ошибка при запросе http://lexanick.livejournal.com/data/rss
15.08.2018 08:38 Произошла ошибка при запросе http://generatorzadach.blogspot.com/feeds/posts/default?alt=rss
15.08.2018 11:31 Вошёл пользователь denis
15.08.2018 16:42 Вошёл пользователь denis
17.08.2018 22:02 Произошла ошибка при запросе http://users.livejournal.com/___lin___/data/rss
17.08.2018 22:07 Произошла ошибка при запросе http://nikolaevec.livejournal.com/data/rss
17.08.2018 22:10 Произошла ошибка при запросе http://svyatoslav.livejournal.com/data/rss
17.08.2018 22:18 Вошёл пользователь denis
18.08.2018 14:40 Вошёл пользователь denis
18.08.2018 14:41 Вошёл пользователь denis
18.08.2018 17:46 Произошла ошибка при запросе http://dieselpunk.livejournal.com/data/rss
18.08.2018 17:47 Произошла ошибка при запросе http://ekaykin.livejournal.com/data/rss
18.08.2018 17:48 Произошла ошибка при запросе http://mi3ch.livejournal.com/data/rss
18.08.2018 17:50 Произошла ошибка при запросе http://aafin.livejournal.com/data/rss
18.08.2018 17:51 Произошла ошибка при запросе http://stdray.livejournal.com/data/rss
18.08.2018 17:52 Произошла ошибка при запросе http://nikolaevec.livejournal.com/data/rss
22.08.2018 14:57 Произошла ошибка при запросе http://youroker.livejournal.com/data/rss
22.08.2018 15:00 Произошла ошибка при запросе http://desyatbukv.blogspot.com/feeds/posts/default?alt=rss
22.08.2018 15:00 Произошла ошибка при запросе http://mydebianblog.blogspot.com/feeds/posts/default?alt=rss
22.08.2018 15:00 Произошла ошибка при запросе http://generatorzadach.blogspot.com/feeds/posts/default?alt=rss
22.08.2018 15:00 Произошла ошибка при запросе http://algegeo.blogspot.com/feeds/posts/default?alt=rss
22.08.2018 15:00 Произошла ошибка при запросе http://discrmath.blogspot.com/feeds/posts/default?alt=rss
22.08.2018 15:01 Произошла ошибка при запросе https://www.nkj.ru/rss/
22.08.2018 19:48 Произошла ошибка при запросе http://aafin.livejournal.com/data/rss
22.08.2018 20:06 Вошёл пользователь denis
22.08.2018 20:50 Вошёл пользователь denis
23.08.2018 10:32 Вошёл пользователь denis
23.08.2018 12:37 Вошёл пользователь denis
23.08.2018 13:02 Вошёл пользователь denis
23.08.2018 13:19 Вошёл пользователь denis
23.08.2018 13:34 Вошёл пользователь denis
23.08.2018 13:41 Вошёл пользователь denis
23.08.2018 13:42 Вошёл пользователь denis
23.08.2018 13:43 Вошёл пользователь denis
23.08.2018 13:45 Вошёл пользователь denis
23.08.2018 13:49 Вошёл пользователь denis
23.08.2018 13:50 Вошёл пользователь denis
23.08.2018 13:50 Вошёл пользователь denis
23.08.2018 13:53 Вошёл пользователь denis
24.08.2018 11:45 Произошла ошибка при запросе http://desyatbukv.blogspot.com/feeds/posts/default?alt=rss
24.08.2018 11:46 Произошла ошибка при запросе http://mydebianblog.blogspot.com/feeds/posts/default?alt=rss
24.08.2018 11:47 Произошла ошибка при запросе http://generatorzadach.blogspot.com/feeds/posts/default?alt=rss
24.08.2018 11:48 Произошла ошибка при запросе http://svyatoslav.livejournal.com/data/rss
24.08.2018 11:54 Вошёл пользователь denis
25.08.2018 11:11 Вошёл пользователь denis
25.08.2018 12:32 Вошёл пользователь denis
25.08.2018 14:17 Вошёл пользователь denis
25.08.2018 17:17 Произошла ошибка при запросе http://prof-moriarty.livejournal.com/data/rss
25.08.2018 17:20 Произошла ошибка при запросе http://svyatoslav.livejournal.com/data/rss
25.08.2018 17:25 Вошёл пользователь denis
25.08.2018 18:56 Вошёл пользователь denis
25.08.2018 21:20 Произошла ошибка при запросе http://mntc.livejournal.com/data/rss
25.08.2018 21:21 Произошла ошибка при запросе http://dieselpunk.livejournal.com/data/rss
25.08.2018 21:23 Произошла ошибка при запросе http://aafin.livejournal.com/data/rss
25.08.2018 21:25 Произошла ошибка при запросе http://nikolaevec.livejournal.com/data/rss
25.08.2018 21:26 Произошла ошибка при запросе http://prof-moriarty.livejournal.com/data/rss
25.08.2018 21:33 Произошла ошибка при запросе http://algegeo.blogspot.com/feeds/posts/default?alt=rss
25.08.2018 21:34 Произошла ошибка при запросе http://discrmath.blogspot.com/feeds/posts/default?alt=rss
25.08.2018 21:35 Произошла ошибка при запросе http://svyatoslav.livejournal.com/data/rss
26.08.2018 09:18 Произошла ошибка при запросе http://tarkhil.livejournal.com/data/rss
26.08.2018 09:21 Произошла ошибка при запросе http://prof-moriarty.livejournal.com/data/rss
26.08.2018 09:27 Произошла ошибка при запросе http://generatorzadach.blogspot.com/feeds/posts/default?alt=rss
26.08.2018 14:52 Произошла ошибка при запросе http://aafin.livejournal.com/data/rss
26.08.2018 14:53 Произошла ошибка при запросе http://stdray.livejournal.com/data/rss
26.08.2018 14:54 Произошла ошибка при запросе http://nikolaevec.livejournal.com/data/rss
26.08.2018 14:55 Произошла ошибка при запросе http://prof-moriarty.livejournal.com/data/rss
26.08.2018 17:06 Произошла ошибка при запросе http://desyatbukv.blogspot.com/feeds/posts/default?alt=rss
26.08.2018 17:23 Вошёл пользователь denis
27.08.2018 11:43 Произошла ошибка при запросе http://users.livejournal.com/___lin___/data/rss
27.08.2018 11:44 Произошла ошибка при запросе http://tarkhil.livejournal.com/data/rss
27.08.2018 11:45 Произошла ошибка при запросе http://nikolaevec.livejournal.com/data/rss
27.08.2018 11:46 Произошла ошибка при запросе http://prof-moriarty.livejournal.com/data/rss
27.08.2018 11:48 Произошла ошибка при запросе http://svyatoslav.livejournal.com/data/rss
27.08.2018 12:04 Вошёл пользователь denis
27.08.2018 14:45 Произошла ошибка при запросе http://generatorzadach.blogspot.com/feeds/posts/default?alt=rss
27.08.2018 14:47 Произошла ошибка при запросе http://svyatoslav.livejournal.com/data/rss
27.08.2018 16:52 Вошёл пользователь denis
27.08.2018 20:43 Вошёл пользователь denis
28.08.2018 10:47 Произошла ошибка при запросе http://tarkhil.livejournal.com/data/rss
28.08.2018 14:50 Произошла ошибка при запросе http://mntc.livejournal.com/data/rss
28.08.2018 14:52 Произошла ошибка при запросе http://generatorzadach.blogspot.com/feeds/posts/default?alt=rss
28.08.2018 14:54 Произошла ошибка при запросе http://svyatoslav.livejournal.com/data/rss
28.08.2018 16:04 Вошёл пользователь denis
28.08.2018 22:30 Произошла ошибка при запросе http://users.livejournal.com/___lin___/data/rss
29.08.2018 10:18 Произошла ошибка при запросе http://stdray.livejournal.com/data/rss
29.08.2018 10:20 Произошла ошибка при запросе http://svyatoslav.livejournal.com/data/rss
29.08.2018 12:33 Произошла ошибка при запросе http://dieselpunk.livejournal.com/data/rss
29.08.2018 12:35 Произошла ошибка при запросе http://svyatoslav.livejournal.com/data/rss
29.08.2018 12:44 Вошёл пользователь denis
29.08.2018 13:54 Неудачная попытка входа: используемое имя - denis, используемый пароль - 
29.08.2018 13:54 Вошёл пользователь denis
01.09.2018 12:48 Произошла ошибка при запросе http://dieselpunk.livejournal.com/data/rss
01.09.2018 12:49 Произошла ошибка при запросе http://youroker.livejournal.com/data/rss
01.09.2018 12:50 Произошла ошибка при запросе http://ekaykin.livejournal.com/data/rss
01.09.2018 12:51 Произошла ошибка при запросе http://aafin.livejournal.com/data/rss
01.09.2018 12:52 Произошла ошибка при запросе http://stdray.livejournal.com/data/rss
01.09.2018 18:48 Произошла ошибка при запросе http://tarkhil.livejournal.com/data/rss
01.09.2018 18:53 Произошла ошибка при запросе http://mi3ch.livejournal.com/data/rss
01.09.2018 18:58 Произошла ошибка при запросе http://nikolaevec.livejournal.com/data/rss
01.09.2018 19:01 Произошла ошибка при запросе http://generatorzadach.blogspot.com/feeds/posts/default?alt=rss
01.09.2018 21:10 Вошёл пользователь denis
01.09.2018 21:16 Вошёл пользователь root
02.09.2018 17:04 Вошёл пользователь denis
03.09.2018 21:34 Вошёл пользователь denis
04.09.2018 12:57 Произошла ошибка при запросе http://filonov.org/feed/
04.09.2018 12:58 Произошла ошибка при запросе http://svyatoslav.livejournal.com/data/rss
04.09.2018 13:02 Неудачная попытка входа: используемое имя - denis, используемый пароль - 
04.09.2018 13:02 Вошёл пользователь denis
